2021-03-17 15:11:52.199  INFO 5456 --- [main] com.example.demo.DemoApplication         : Starting DemoApplication using Java 15.0.1 on LAPTOP-JHO8EIUR with PID 5456 (C:\Users\s_ola\Dropbox\Jobb\Backend\EEDemo\SpringHibernateComplexDemo1\target\classes started by s_ola in C:\Users\s_ola\Dropbox\Jobb\Backend\EEDemo\SpringHibernateComplexDemo1)
2021-03-17 15:11:52.211  INFO 5456 --- [main] com.example.demo.DemoApplication         : No active profile set, falling back to default profiles: default
2021-03-17 15:11:53.961  INFO 5456 --- [main] .s.d.r.c.RepositoryConfigurationDelegate : Bootstrapping Spring Data JPA repositories in DEFAULT mode.
2021-03-17 15:11:54.097  INFO 5456 --- [main] .s.d.r.c.RepositoryConfigurationDelegate : Finished Spring Data repository scanning in 113 ms. Found 4 JPA repository interfaces.
2021-03-17 15:11:55.401  INFO 5456 --- [main] o.s.b.w.embedded.tomcat.TomcatWebServer  : Tomcat initialized with port(s): 8080 (http)
2021-03-17 15:11:55.440  INFO 5456 --- [main] o.apache.catalina.core.StandardService   : Starting service [Tomcat]
2021-03-17 15:11:55.442  INFO 5456 --- [main] org.apache.catalina.core.StandardEngine  : Starting Servlet engine: [Apache Tomcat/9.0.43]
2021-03-17 15:11:55.741  INFO 5456 --- [main] o.a.c.c.C.[Tomcat].[localhost].[/]       : Initializing Spring embedded WebApplicationContext
2021-03-17 15:11:55.743  INFO 5456 --- [main] w.s.c.ServletWebServerApplicationContext : Root WebApplicationContext: initialization completed in 3375 ms
2021-03-17 15:11:56.210  INFO 5456 --- [main] o.hibernate.jpa.internal.util.LogHelper  : HHH000204: Processing PersistenceUnitInfo [name: default]
2021-03-17 15:11:56.355  INFO 5456 --- [main] org.hibernate.Version                    : HHH000412: Hibernate ORM core version 5.4.28.Final
2021-03-17 15:11:56.727  INFO 5456 --- [main] o.hibernate.annotations.common.Version   : HCANN000001: Hibernate Commons Annotations {5.1.2.Final}
2021-03-17 15:11:57.015  INFO 5456 --- [main] com.zaxxer.hikari.HikariDataSource       : HikariPool-1 - Starting...
2021-03-17 15:11:57.459  INFO 5456 --- [main] com.zaxxer.hikari.HikariDataSource       : HikariPool-1 - Start completed.
2021-03-17 15:11:57.517  INFO 5456 --- [main] org.hibernate.dialect.Dialect            : HHH000400: Using dialect: org.hibernate.dialect.MySQL57Dialect
2021-03-17 15:11:58.931  INFO 5456 --- [main] o.h.e.t.j.p.i.JtaPlatformInitiator       : HHH000490: Using JtaPlatform implementation: [org.hibernate.engine.transaction.jta.platform.internal.NoJtaPlatform]
2021-03-17 15:11:58.944  INFO 5456 --- [main] j.LocalContainerEntityManagerFactoryBean : Initialized JPA EntityManagerFactory for persistence unit 'default'
2021-03-17 15:11:59.523  WARN 5456 --- [main] JpaBaseConfiguration$JpaWebConfiguration : spring.jpa.open-in-view is enabled by default. Therefore, database queries may be performed during view rendering. Explicitly configure spring.jpa.open-in-view to disable this warning
2021-03-17 15:11:59.824  INFO 5456 --- [main] o.s.s.concurrent.ThreadPoolTaskExecutor  : Initializing ExecutorService 'applicationTaskExecutor'
2021-03-17 15:12:00.378  INFO 5456 --- [main] o.s.b.w.embedded.tomcat.TomcatWebServer  : Tomcat started on port(s): 8080 (http) with context path ''
2021-03-17 15:12:00.388  INFO 5456 --- [main] com.example.demo.DemoApplication         : Started DemoApplication in 9.276 seconds (JVM running for 10.22)
2021-03-17 15:12:13.613  INFO 5456 --- [http-nio-8080-exec-1] o.a.c.c.C.[Tomcat].[localhost].[/]       : Initializing Spring DispatcherServlet 'dispatcherServlet'
2021-03-17 15:12:13.614  INFO 5456 --- [http-nio-8080-exec-1] o.s.web.servlet.DispatcherServlet        : Initializing Servlet 'dispatcherServlet'
2021-03-17 15:12:13.616  INFO 5456 --- [http-nio-8080-exec-1] o.s.web.servlet.DispatcherServlet        : Completed initialization in 2 ms
2021-03-17 15:12:13.691  INFO 5456 --- [http-nio-8080-exec-1] c.e.demo.controllers.CapitalController   : A new Capital was added by name Moskva
2021-03-17 15:12:13.691  WARN 5456 --- [http-nio-8080-exec-1] c.e.demo.controllers.CapitalController   : A new Capital was added by name Moskva
2021-03-17 15:12:13.691 ERROR 5456 --- [http-nio-8080-exec-1] c.e.demo.controllers.CapitalController   : A new Capital was added by name Moskva
